<?xml version="1.0" encoding="UTF-8"?>
<testng-results ignored="0" total="1" passed="1" failed="0" skipped="0">
  <reporter-output>
  </reporter-output>
  <suite started-at="2025-07-15T12:08:06 IST" name="Default suite" finished-at="2025-07-15T12:08:57 IST" duration-ms="51029">
    <groups>
    </groups>
    <test started-at="2025-07-15T12:08:06 IST" name="Default test" finished-at="2025-07-15T12:08:57 IST" duration-ms="51029">
      <class name="automationBlogSpot.HandlingDatePicker1">
        <test-method is-config="true" signature="setUp()[pri:0, instance:automationBlogSpot.HandlingDatePicker1@175c2241]" started-at="2025-07-15T12:08:06 IST" name="setUp" finished-at="2025-07-15T12:08:15 IST" duration-ms="9173" status="PASS">
          <reporter-output>
          </reporter-output>
        </test-method> <!-- setUp -->
        <test-method signature="datePicker()[pri:0, instance:automationBlogSpot.HandlingDatePicker1@175c2241]" started-at="2025-07-15T12:08:15 IST" name="datePicker" finished-at="2025-07-15T12:08:57 IST" duration-ms="41262" status="PASS">
          <reporter-output>
          </reporter-output>
        </test-method> <!-- datePicker -->
        <test-method is-config="true" signature="teaDown()[pri:0, instance:automationBlogSpot.HandlingDatePicker1@175c2241]" started-at="2025-07-15T12:08:57 IST" name="teaDown" finished-at="2025-07-15T12:08:57 IST" duration-ms="491" status="PASS">
          <reporter-output>
          </reporter-output>
        </test-method> <!-- teaDown -->
      </class> <!-- automationBlogSpot.HandlingDatePicker1 -->
    </test> <!-- Default test -->
  </suite> <!-- Default suite -->
</testng-results>
