<?xml version="1.0" encoding="UTF-8"?>
<testng-results ignored="0" total="1" passed="1" failed="0" skipped="0">
  <reporter-output>
  </reporter-output>
  <suite started-at="2025-03-31T20:32:26 IST" name="Default suite" finished-at="2025-03-31T20:33:19 IST" duration-ms="52884">
    <groups>
    </groups>
    <test started-at="2025-03-31T20:32:26 IST" name="Default test" finished-at="2025-03-31T20:33:19 IST" duration-ms="52884">
      <class name="automateNow.HandlingDatePicker">
        <test-method is-config="true" signature="setUp()[pri:0, instance:automateNow.HandlingDatePicker@4afcd809]" started-at="2025-03-31T20:32:26 IST" name="setUp" finished-at="2025-03-31T20:32:47 IST" duration-ms="20573" status="PASS">
          <reporter-output>
          </reporter-output>
        </test-method> <!-- setUp -->
        <test-method signature="datePicker()[pri:0, instance:automateNow.HandlingDatePicker@4afcd809]" started-at="2025-03-31T20:32:47 IST" name="datePicker" description="Handling Date Pickers" finished-at="2025-03-31T20:33:19 IST" duration-ms="31777" status="PASS">
          <reporter-output>
          </reporter-output>
        </test-method> <!-- datePicker -->
        <test-method is-config="true" signature="tearDown()[pri:0, instance:automateNow.HandlingDatePicker@4afcd809]" started-at="2025-03-31T20:33:19 IST" name="tearDown" finished-at="2025-03-31T20:33:19 IST" duration-ms="461" status="PASS">
          <reporter-output>
          </reporter-output>
        </test-method> <!-- tearDown -->
      </class> <!-- automateNow.HandlingDatePicker -->
    </test> <!-- Default test -->
  </suite> <!-- Default suite -->
</testng-results>
